Fri Nov  3 22:07:17 2017:     ** Logging new session **
Fri Nov  3 22:10:29 2017:     **  Shutting down.  **

Fri Nov  3 22:10:42 2017:     ** Logging new session **
Fri Nov  3 22:11:23 2017:     **  Shutting down.  **

Fri Nov  3 22:12:30 2017:     ** Logging new session **
Fri Nov  3 22:13:26 2017:     **  Shutting down.  **

Fri Nov  3 22:15:30 2017:     ** Logging new session **
Fri Nov  3 22:18:16 2017:     **  Shutting down.  **

Fri Nov  3 22:18:37 2017:     ** Logging new session **
Fri Nov  3 22:18:55 2017:     **  Shutting down.  **

Fri Nov  3 22:18:55 2017:     ** Logging new session **
Fri Nov  3 22:19:44 2017:     **  Shutting down.  **

Fri Nov  3 22:22:20 2017:     ** Logging new session **
Fri Nov  3 22:22:43 2017:     **  Shutting down.  **

Fri Nov  3 22:22:47 2017:     ** Logging new session **
Fri Nov  3 22:22:59 2017:     **  Shutting down.  **

Fri Nov  3 22:23:26 2017:     ** Logging new session **
Fri Nov  3 22:23:30 2017:     **  Shutting down.  **

Fri Nov  3 22:23:30 2017:     ** Logging new session **
Fri Nov  3 22:24:14 2017:     **  Shutting down.  **

Fri Nov  3 22:26:42 2017:     ** Logging new session **
Fri Nov  3 22:27:14 2017:     **  Shutting down.  **

Fri Nov  3 22:27:15 2017:     ** Logging new session **
Fri Nov  3 22:30:08 2017:     **  Shutting down.  **

Fri Nov  3 22:30:50 2017:     ** Logging new session **
Fri Nov  3 22:31:43 2017:     **  Shutting down.  **

Fri Nov  3 22:31:44 2017:     ** Logging new session **
Fri Nov  3 22:31:59 2017:     **  Shutting down.  **

Fri Nov  3 22:32:47 2017:     ** Logging new session **
Fri Nov  3 22:33:31 2017:     **  Shutting down.  **

Fri Nov  3 22:33:33 2017:     ** Logging new session **
Fri Nov  3 22:34:40 2017:     **  Shutting down.  **

Fri Nov  3 22:37:56 2017:     ** Logging new session **
Fri Nov  3 22:38:40 2017:     **  Shutting down.  **

Fri Nov  3 22:39:02 2017:     ** Logging new session **
Fri Nov  3 22:39:08 2017:     **  Shutting down.  **

Fri Nov  3 22:40:50 2017:     ** Logging new session **
Fri Nov  3 22:40:56 2017:     **  Shutting down.  **

Fri Nov  3 22:40:57 2017:     ** Logging new session **
Fri Nov  3 22:41:09 2017:     **  Shutting down.  **

Fri Nov  3 22:41:34 2017:     ** Logging new session **
Fri Nov  3 22:41:44 2017:     **  Shutting down.  **

Fri Nov  3 22:41:44 2017:     ** Logging new session **
Fri Nov  3 22:42:21 2017:     **  Shutting down.  **

Fri Nov  3 22:44:52 2017:     ** Logging new session **
Fri Nov  3 22:45:06 2017:     **  Shutting down.  **

Fri Nov  3 22:45:07 2017:     ** Logging new session **
Fri Nov  3 22:45:23 2017:     **  Shutting down.  **

Fri Nov  3 22:46:24 2017:     ** Logging new session **
Fri Nov  3 22:46:29 2017:     **  Shutting down.  **

Fri Nov  3 22:46:30 2017:     ** Logging new session **
Fri Nov  3 22:46:42 2017: DEBUG: -1
Fri Nov  3 22:47:49 2017:     **  Shutting down.  **

Fri Nov  3 22:48:21 2017:     ** Logging new session **
Fri Nov  3 22:48:21 2017: DEBUG: -1
Fri Nov  3 22:48:21 2017: DEBUG: -1
Fri Nov  3 22:48:22 2017:     **  Shutting down.  **

Fri Nov  3 22:48:36 2017:     ** Logging new session **
Fri Nov  3 22:49:07 2017:     **  Shutting down.  **

Fri Nov  3 22:49:49 2017:     ** Logging new session **
Fri Nov  3 22:49:55 2017:     **  Shutting down.  **

Fri Nov  3 22:51:17 2017:     ** Logging new session **
Fri Nov  3 22:51:23 2017: DEBUG: -1
Fri Nov  3 22:51:33 2017:     **  Shutting down.  **

Fri Nov  3 22:52:05 2017:     ** Logging new session **
Fri Nov  3 22:52:30 2017:     **  Shutting down.  **

Fri Nov  3 22:53:46 2017:     ** Logging new session **
Fri Nov  3 22:53:55 2017: DEBUG: -1
Fri Nov  3 22:54:47 2017: DEBUG: -1
Fri Nov  3 22:54:52 2017: DEBUG: -1
Fri Nov  3 22:54:53 2017: DEBUG: -1
Fri Nov  3 22:55:07 2017:     **  Shutting down.  **

Fri Nov  3 22:55:30 2017:     ** Logging new session **
Fri Nov  3 22:56:02 2017: DEBUG: -1
Fri Nov  3 22:56:12 2017: DEBUG: -1
Fri Nov  3 22:56:22 2017: DEBUG: -1
Fri Nov  3 22:57:58 2017:     **  Shutting down.  **

Fri Nov  3 22:57:59 2017:     ** Logging new session **
Fri Nov  3 22:58:58 2017:     **  Shutting down.  **

Fri Nov  3 22:58:59 2017:     ** Logging new session **
Fri Nov  3 22:59:07 2017:     **  Shutting down.  **

Fri Nov  3 23:02:59 2017:     ** Logging new session **
Fri Nov  3 23:03:36 2017:     **  Shutting down.  **

Fri Nov  3 23:03:45 2017:     ** Logging new session **
Fri Nov  3 23:03:48 2017:     **  Shutting down.  **

Fri Nov  3 23:04:08 2017:     ** Logging new session **
Fri Nov  3 23:04:20 2017: DEBUG: -1
Fri Nov  3 23:04:23 2017: DEBUG: -1
Fri Nov  3 23:04:36 2017: DEBUG: -1
Fri Nov  3 23:05:12 2017: DEBUG: -1
Fri Nov  3 23:06:10 2017: DEBUG: -1
Fri Nov  3 23:06:10 2017: DEBUG: -1
Fri Nov  3 23:06:20 2017: DEBUG: -1
Fri Nov  3 23:06:29 2017:     **  Shutting down.  **

Fri Nov  3 23:06:29 2017:     ** Logging new session **
Fri Nov  3 23:06:34 2017: DEBUG: -1
Fri Nov  3 23:06:56 2017: DEBUG: -1
Fri Nov  3 23:07:07 2017: DEBUG: -1
Fri Nov  3 23:07:19 2017:     **  Shutting down.  **

Fri Nov  3 23:07:21 2017:     ** Logging new session **
Fri Nov  3 23:07:29 2017: DEBUG: -1
Fri Nov  3 23:07:32 2017: DEBUG: -1
Fri Nov  3 23:07:38 2017:     **  Shutting down.  **

Fri Nov  3 23:07:48 2017:     ** Logging new session **
Fri Nov  3 23:08:04 2017:     **  Shutting down.  **

Fri Nov  3 23:08:06 2017:     ** Logging new session **
Fri Nov  3 23:08:24 2017:     **  Shutting down.  **

Fri Nov  3 23:08:25 2017:     ** Logging new session **
Fri Nov  3 23:08:33 2017: DEBUG: -1
Fri Nov  3 23:08:41 2017:     **  Shutting down.  **

Fri Nov  3 23:08:45 2017:     ** Logging new session **
Fri Nov  3 23:08:49 2017: DEBUG: -1
Fri Nov  3 23:09:05 2017: DEBUG: -1
Fri Nov  3 23:09:31 2017:     **  Shutting down.  **

Fri Nov  3 23:09:32 2017:     ** Logging new session **
Fri Nov  3 23:09:39 2017: DEBUG: -1
Fri Nov  3 23:09:40 2017: DEBUG: -1
Fri Nov  3 23:09:50 2017:     **  Shutting down.  **

Fri Nov  3 23:09:50 2017:     ** Logging new session **
Fri Nov  3 23:09:51 2017: DEBUG: -1
Fri Nov  3 23:09:51 2017: DEBUG: -1
Fri Nov  3 23:10:03 2017: DEBUG: -1
Fri Nov  3 23:10:04 2017: DEBUG: -1
Fri Nov  3 23:10:04 2017: DEBUG: -1
Fri Nov  3 23:10:17 2017: DEBUG: -1
Fri Nov  3 23:10:34 2017:     **  Shutting down.  **

Fri Nov  3 23:10:41 2017:     ** Logging new session **
Fri Nov  3 23:11:20 2017: DEBUG: -1
Fri Nov  3 23:11:20 2017: DEBUG: -1
Fri Nov  3 23:13:17 2017: DEBUG: -1
Fri Nov  3 23:13:40 2017: DEBUG: -1
Fri Nov  3 23:13:42 2017: DEBUG: -1
Fri Nov  3 23:13:43 2017: DEBUG: -1
Fri Nov  3 23:14:24 2017: DEBUG: -1
Fri Nov  3 23:14:24 2017: DEBUG: -1
Fri Nov  3 23:14:33 2017: DEBUG: -1
Fri Nov  3 23:15:12 2017: DEBUG: -1
Fri Nov  3 23:16:19 2017: DEBUG: -1
Fri Nov  3 23:17:06 2017: DEBUG: -1
Fri Nov  3 23:17:10 2017: DEBUG: -1
Fri Nov  3 23:18:15 2017: DEBUG: -1
Fri Nov  3 23:18:30 2017:     **  Shutting down.  **

Fri Nov  3 23:19:07 2017:     ** Logging new session **
Fri Nov  3 23:19:17 2017:     **  Shutting down.  **

Fri Nov  3 23:19:24 2017:     ** Logging new session **
Fri Nov  3 23:19:40 2017:     **  Shutting down.  **

Fri Nov  3 23:51:17 2017:     ** Logging new session **
Fri Nov  3 23:52:59 2017:     **  Shutting down.  **

Sat Nov  4 14:54:45 2017:     ** Logging new session **
Sat Nov  4 14:55:40 2017:     **  Shutting down.  **

Sat Nov  4 17:09:51 2017:     ** Logging new session **
Sat Nov  4 17:11:16 2017:     **  Shutting down.  **

Sat Nov  4 17:37:13 2017:     ** Logging new session **
Sat Nov  4 20:57:48 2017:     ** Logging new session **
Sat Nov  4 20:57:49 2017:     **  Shutting down.  **

Sat Nov  4 21:30:26 2017:     ** Logging new session **
Sat Nov  4 21:30:31 2017:     **  Shutting down.  **

Sat Nov  4 21:31:23 2017:     ** Logging new session **
Sat Nov  4 21:31:38 2017:     **  Shutting down.  **

Sat Nov  4 22:51:46 2017:     ** Logging new session **
Sat Nov  4 22:51:58 2017:     **  Shutting down.  **

Sat Nov  4 22:51:58 2017:     ** Logging new session **
Sat Nov  4 22:52:52 2017:     **  Shutting down.  **

Sat Nov  4 22:52:52 2017:     ** Logging new session **
Sat Nov  4 22:53:02 2017:     **  Shutting down.  **

Sat Nov  4 22:53:02 2017:     ** Logging new session **
Sat Nov  4 22:56:18 2017:     **  Shutting down.  **

Sun Nov  5 01:21:34 2017:     ** Logging new session **
Sun Nov  5 01:21:57 2017:     **  Shutting down.  **

Sun Nov  5 01:23:41 2017:     ** Logging new session **
Sun Nov  5 01:23:44 2017:     **  Shutting down.  **

Sun Nov  5 01:23:45 2017:     ** Logging new session **
Sun Nov  5 01:23:53 2017:     **  Shutting down.  **

Sun Nov  5 17:37:55 2017:     ** Logging new session **
Sun Nov  5 17:38:03 2017:     **  Shutting down.  **

